<?xml version="1.0" encoding="UTF-8"?>
<!-- Generated by org.testng.reporters.JUnitReportReporter -->
<testsuite hostname="LA-WKS-0093" failures="0" tests="1" name="DemoProject.GET_Partial_Country_Name" time="0.274" errors="0" timestamp="2020-08-14T17:36:37 PDT" skipped="0">
  <testcase classname="DemoProject.GET_Partial_Country_Name" name="getCountryName_InputValidPartialCountryName_ReturnSuccessResponse" time="0.274"/>
  <system-out/>
</testsuite> <!-- DemoProject.GET_Partial_Country_Name -->
